<?xml version="1.0" encoding="UTF-8"?>
<!-- Generated by org.testng.reporters.JUnitXMLReporter -->
<testsuite ignored="3" hostname="DESKTOP-JNHK7VF" failures="1" tests="2" name="Default test(failed)" time="0.171" errors="0" timestamp="2023-12-23T01:46:33 IST">
  <testcase classname="testngxml_study.Faiiledxml_example" name="TC2" time="0.018">
    <failure type="java.lang.AssertionError" message="null">
      <![CDATA[java.lang.AssertionError: null
at testngxml_study.Faiiledxml_example.TC2(Faiiledxml_example.java:22)
at java.base/java.util.ArrayList.forEach(ArrayList.java:1511)
... Removed 29 stack frames]]>
    </failure>
  </testcase> <!-- TC2 -->
  <testcase classname="testngxml_study.Faiiledxml_example" name="TC3" time="0.006"/>
  <testcase classname="testngxml_study.Faiiledxml_example" name="TC4" time="0.0">
    <ignored/>
  </testcase> <!-- TC4 -->
  <testcase classname="testngxml_study.Faiiledxml_example" name="TC5" time="0.0">
    <ignored/>
  </testcase> <!-- TC5 -->
  <testcase classname="testngxml_study.Faiiledxml_example" name="TC1" time="0.0">
    <ignored/>
  </testcase> <!-- TC1 -->
</testsuite> <!-- Default test(failed) -->
