<?xml version="1.0" encoding="UTF-8"?>
<!-- Generated by org.testng.reporters.JUnitXMLReporter -->
<testsuite ignored="0" hostname="DESKTOP-JNHK7VF" failures="0" tests="4" name="MyTest" time="0.773" errors="0" timestamp="2023-12-19T23:19:01 IST">
  <testcase classname="testng_study.TestClass1" name="Tc1" time="0.097"/>
  <testcase classname="testng_study.TestClass1" name="Tc2" time="0.006"/>
  <testcase classname="testng_study.TestClass2" name="Tc3" time="0.018"/>
  <testcase classname="testng_study.TestClass2" name="Tc4" time="0.101"/>
</testsuite> <!-- MyTest -->
