<?xml version="1.0" encoding="UTF-8"?>
<!-- Generated by org.testng.reporters.JUnitXMLReporter -->
<testsuite ignored="4" hostname="DESKTOP-JNHK7VF" failures="0" tests="1" name="Default test(failed)(failed)(failed)" time="0.177" errors="0" timestamp="2023-12-23T01:52:01 IST">
  <testcase classname="testngxml_study.Faiiledxml_example" name="TC2" time="0.023"/>
  <testcase classname="testngxml_study.Faiiledxml_example" name="TC3" time="0.0">
    <ignored/>
  </testcase> <!-- TC3 -->
  <testcase classname="testngxml_study.Faiiledxml_example" name="TC4" time="0.0">
    <ignored/>
  </testcase> <!-- TC4 -->
  <testcase classname="testngxml_study.Faiiledxml_example" name="TC5" time="0.0">
    <ignored/>
  </testcase> <!-- TC5 -->
  <testcase classname="testngxml_study.Faiiledxml_example" name="TC1" time="0.0">
    <ignored/>
  </testcase> <!-- TC1 -->
</testsuite> <!-- Default test(failed)(failed)(failed) -->
